==============================================================================
Tests                                                                         
==============================================================================
Tests.TC01 Login Failed DataDriven CSV :: This TC is to test login failed s...
==============================================================================
Invalid username                                                      | PASS |
------------------------------------------------------------------------------
Invalid password                                                      | PASS |
------------------------------------------------------------------------------
Invalid both                                                          | PASS |
------------------------------------------------------------------------------
Login With Credentials x and x                                        | PASS |
------------------------------------------------------------------------------
Tests.TC01 Login Failed DataDriven CSV :: This TC is to test login... | PASS |
4 tests, 4 passed, 0 failed
==============================================================================
Tests                                                                 | PASS |
4 tests, 4 passed, 0 failed
==============================================================================
Output:  D:\LearningAndProjects\RobotFramework\pabot_results\7\output.xml
